Arguments: 
  /usr/local/bin/node /usr/local/bin/yarn add fs-extra

PATH: 
  /Users/krzysiek/.opam/system/bin:/Users/krzysiek/.rvm/gems/ruby-2.4.2/bin:/Users/krzysiek/.rvm/gems/ruby-2.4.2@global/bin:/Users/krzysiek/.rvm/rubies/ruby-2.4.2/bin:/usr/local/opt/qt/bin:/usr/local/bin:/usr/bin:/bin:/usr/sbin:/sbin:/opt/X11/bin:/Users/krzysiek/.opam/system/bin:/Users/krzysiek/.rvm/gems/ruby-2.4.2/bin:/Users/krzysiek/.rvm/gems/ruby-2.4.2@global/bin:/Users/krzysiek/.rvm/rubies/ruby-2.4.2/bin:/usr/local/opt/qt/bin:/Users/krzysiek/.rvm/bin

Yarn version: 
  1.3.2

Node version: 
  8.11.4

Platform: 
  darwin x64

npm manifest: 
  {
    "name": "react-starter",
    "version": "0.0.1",
    "description": "",
    "repository": {
      "type": "git",
      "url": "https://github.com/smith-chris/react-starter"
    },
    "scripts": {
      "start": "webpack-dev-server  --config webpack.dev.js",
      "prod": "webpack --config webpack.prod.js -p",
      "test": "jest --watch",
      "lint": "tslint 'src/**/*.{ts,tsx}' --fix",
      "precommit": "lint-staged"
    },
    "lint-staged": {
      "src/**/*.test.{ts,tsx}": [
        "jest"
      ],
      "src/**/*.{ts,tsx}": [
        "lint",
        "git add"
      ]
    },
    "author": "Krzysztof Kowalski",
    "license": "ISC",
    "dependencies": {
      "@inlet/react-pixi": "^0.1.4",
      "@types/keyboardjs": "^2.2.31",
      "@types/lodash.mapvalues": "^4.6.4",
      "@types/random-js": "^1.0.30",
      "@types/react": "^16.4.11",
      "@types/react-dom": "^16.0.7",
      "@types/react-hot-loader": "^3.0.6",
      "@types/react-json-tree": "^0.6.8",
      "@types/react-redux": "^5.0.21",
      "@types/redux-devtools": "^3.0.44",
      "keyboardjs": "^2.4.1",
      "lodash.mapvalues": "^4.6.0",
      "pixi.js": "^4.8.1",
      "random-js": "^1.0.8",
      "react": "^16.4.2",
      "react-dom": "^16.4.2",
      "react-redux": "^5.0.7",
      "redux": "^3.7.2"
    },
    "devDependencies": {
      "@types/jest": "^22.2.3",
      "@types/pixi.js": "^4.8.0",
      "@types/redux": "^3.6.31",
      "@types/redux-logger": "^3.0.6",
      "@types/webpack-env": "^1.13.6",
      "autoprefixer": "^7.2.6",
      "babel-core": "^6.26.3",
      "babel-jest": "^22.4.4",
      "babel-preset-es2015": "^6.24.1",
      "cache-loader": "^1.2.2",
      "clean-webpack-plugin": "^0.1.19",
      "css-loader": "^0.28.11",
      "file-loader": "^1.1.11",
      "fork-ts-checker-webpack-plugin": "^0.3.0",
      "friendly-errors-webpack-plugin": "^1.7.0",
      "html-webpack-plugin": "^2.30.1",
      "husky": "^0.14.3",
      "identity-obj-proxy": "^3.0.0",
      "jest": "^22.4.4",
      "lint-staged": "^4.3.0",
      "magick-loader": "^1.0.0",
      "node-sass": "^4.9.3",
      "postcss-input-style": "^1.0.0",
      "postcss-loader": "^2.1.6",
      "raw-loader": "^0.5.1",
      "redux-devtools-extension": "^2.13.5",
      "sass-loader": "^6.0.7",
      "sass-variable-loader": "^0.1.2",
      "sizeof-loader": "^1.1.1",
      "source-map-loader": "^0.2.4",
      "style-loader": "^0.19.1",
      "thread-loader": "^1.2.0",
      "ts-jest": "^22.4.6",
      "ts-loader": "^3.5.0",
      "ts-node": "^7.0.1",
      "tslint": "^5.11.0",
      "typescript": "^3.0.1",
      "typings-for-css-modules-loader": "^1.7.0",
      "url-loader": "^0.6.2",
      "webpack": "^3.12.0",
      "webpack-dev-server": "^2.11.3",
      "webpack-merge": "^4.1.4"
    }
  }

yarn manifest: 
  No manifest

Lockfile: 
  No lockfile

Trace: 
  Error: http://registry.npmjs.org/os-locale/-/os-locale-1.4.0.tgz: Request failed "500 Internal Server Error"
      at Request.<anonymous> (/usr/local/lib/node_modules/yarn/lib/cli.js:59356:26)
      at emitOne (events.js:116:13)
      at Request.emit (events.js:211:7)
      at Request.module.exports.Request.onRequestResponse (/usr/local/lib/node_modules/yarn/lib/cli.js:123971:10)
      at emitOne (events.js:116:13)
      at ClientRequest.emit (events.js:211:7)
      at HTTPParser.parserOnIncomingClient (_http_client.js:543:21)
      at HTTPParser.parserOnHeadersComplete (_http_common.js:112:17)
      at Socket.socketOnData (_http_client.js:440:20)
      at emitOne (events.js:116:13)
